<?xml version="1.0" encoding="UTF-8"?>
<!-- Generated by org.testng.reporters.JUnitReportReporter -->
<testsuite hostname="DESKTOP-4B35B57" failures="0" tests="1" name="RunCucumberTest" time="19.052" errors="0" timestamp="2021-04-10T12:17:16 COT" skipped="0">
  <testcase classname="RunCucumberTest" name="feature" time="19.052"/>
</testsuite> <!-- RunCucumberTest -->
